<?xml version="1.0" encoding="UTF-8"?>
<testng-results skipped="0" failed="0" ignored="0" total="1" passed="1">
  <reporter-output>
  </reporter-output>
  <suite name="Default suite" duration-ms="8575" started-at="2020-08-06T08:19:14Z" finished-at="2020-08-06T08:19:23Z">
    <groups>
    </groups>
    <test name="Default test" duration-ms="8575" started-at="2020-08-06T08:19:14Z" finished-at="2020-08-06T08:19:23Z">
      <class name="newTest.NewTest">
        <test-method status="PASS" signature="setUp()[pri:0, instance:newTest.NewTest@146ba0ac]" name="setUp" is-config="true" duration-ms="2652" started-at="2020-08-06T08:19:14Z" finished-at="2020-08-06T08:19:17Z">
          <reporter-output>
          </reporter-output>
        </test-method> <!-- setUp -->
        <test-method status="PASS" signature="test1()[pri:0, instance:newTest.NewTest@146ba0ac]" name="test1" duration-ms="5227" started-at="2020-08-06T08:19:17Z" finished-at="2020-08-06T08:19:22Z">
          <reporter-output>
          </reporter-output>
        </test-method> <!-- test1 -->
        <test-method status="PASS" signature="tearDown()[pri:0, instance:newTest.NewTest@146ba0ac]" name="tearDown" is-config="true" duration-ms="696" started-at="2020-08-06T08:19:22Z" finished-at="2020-08-06T08:19:23Z">
          <reporter-output>
          </reporter-output>
        </test-method> <!-- tearDown -->
      </class> <!-- newTest.NewTest -->
    </test> <!-- Default test -->
  </suite> <!-- Default suite -->
</testng-results>
